<?xml version="1.0" encoding="UTF-8"?>
<!-- Generated by org.testng.reporters.JUnitReportReporter -->
<testsuite hostname="HB11536" failures="0" tests="1" name="Jackson.From" time="0.214" errors="0" timestamp="2022-03-09T13:47:08 EST" skipped="0">
  <testcase classname="Jackson.From" name="openurl" time="0.214"/>
  <system-out/>
</testsuite> <!-- Jackson.From -->
